C51 COMPILER V9.01   KEYSCAN                                                               11/04/2022 20:44:02 PAGE 1   


C51 COMPILER V9.01, COMPILATION OF MODULE KEYSCAN
OBJECT MODULE PLACED IN keyscan.OBJ
COMPILER INVOKED BY: C:\Keil\C51\BIN\C51.EXE keyscan.c COMPACT OPTIMIZE(9,SPEED) BROWSE DEBUG OBJECTEXTEND

line level    source

   1          #include "keyscan.h"
   2          
   3          uchar Key()
   4          {       uchar keyval;
   5   1              if (key1==0)
   6   1              {       
   7   2                      if(key1==0)
   8   2                              keyval=1;
   9   2                      while(!key1);   
  10   2              }
  11   1              else if (key2==0)
  12   1              {       
  13   2                      if(key2==0)
  14   2                              keyval=2;
  15   2                      while(!key2);   
  16   2              }
  17   1              else if (key3==0)
  18   1              {       
  19   2                      if(key3==0)
  20   2                              keyval=3;
  21   2                      while(!key3);   
  22   2              }
  23   1              else if (key4==0)
  24   1              {       
  25   2                      if(key4==0)
  26   2                              keyval=4;
  27   2                      while(!key4);   
  28   2              }
  29   1              else
  30   1              keyval=0;
  31   1              return keyval;
  32   1      }


MODULE INFORMATION:   STATIC OVERLAYABLE
   CODE SIZE        =     55    ----
   CONSTANT SIZE    =   ----    ----
   XDATA SIZE       =   ----    ----
   PDATA SIZE       =   ----    ----
   DATA SIZE        =   ----    ----
   IDATA SIZE       =   ----    ----
   BIT SIZE         =   ----    ----
END OF MODULE INFORMATION.


C51 COMPILATION COMPLETE.  0 WARNING(S),  0 ERROR(S)
