C51 COMPILER V9.01   MYUTILS                                                               11/04/2022 20:44:02 PAGE 1   


C51 COMPILER V9.01, COMPILATION OF MODULE MYUTILS
OBJECT MODULE PLACED IN myutils.OBJ
COMPILER INVOKED BY: C:\Keil\C51\BIN\C51.EXE myutils.c COMPACT OPTIMIZE(9,SPEED) BROWSE DEBUG OBJECTEXTEND

line level    source

   1          #include "myutils.h"
   2          
   3          void delay_ms(uchar c)
   4          {       uchar a,b;
   5   1              for(; c>0; c--)
   6   1              {
   7   2                  for(b=199; b>0; b--)
   8   2                      {
   9   3                      for(a=1; a>0; a--);
  10   3                      }
  11   2              }}


MODULE INFORMATION:   STATIC OVERLAYABLE
   CODE SIZE        =     18    ----
   CONSTANT SIZE    =   ----    ----
   XDATA SIZE       =   ----    ----
   PDATA SIZE       =   ----    ----
   DATA SIZE        =   ----    ----
   IDATA SIZE       =   ----    ----
   BIT SIZE         =   ----    ----
END OF MODULE INFORMATION.


C51 COMPILATION COMPLETE.  0 WARNING(S),  0 ERROR(S)
