C51 COMPILER V9.01   WORD                                                                  11/04/2022 20:44:02 PAGE 1   


C51 COMPILER V9.01, COMPILATION OF MODULE WORD
OBJECT MODULE PLACED IN word.OBJ
COMPILER INVOKED BY: C:\Keil\C51\BIN\C51.EXE word.c COMPACT OPTIMIZE(9,SPEED) BROWSE DEBUG OBJECTEXTEND

line level    source

   1          #include "word.h"
   2          
   3          uchar code jieqis[]="нч  п║╨╝╢С╨╝а╒╢╨сЙк╝╬╙ущ╢╨╥жгЕцВ╧хсЙа╒одп║бЗц╒жжоджап║йН╢СйНа╒гО╢╕йН╟вб╤гО╥ж╨╝б╤к╙╫╣а
             -╒╤╛п║я╘╢Ся╘╤╛жа";
   4          uchar code shijian[]="цК╥жй╠хутбдЙapрТюжджжс";
   5          uchar code nongliyear[]="╦Щпахи╧О╪врр╠Ш╤║нЛ╪╨иЙсопГ╨╔всЁСрЗц╝Ё╫кхнГн╢";
   6          uchar code weather[]="гГсЙнМрУя╘";


MODULE INFORMATION:   STATIC OVERLAYABLE
   CODE SIZE        =   ----    ----
   CONSTANT SIZE    =    180    ----
   XDATA SIZE       =   ----    ----
   PDATA SIZE       =   ----    ----
   DATA SIZE        =   ----    ----
   IDATA SIZE       =   ----    ----
   BIT SIZE         =   ----    ----
END OF MODULE INFORMATION.


C51 COMPILATION COMPLETE.  0 WARNING(S),  0 ERROR(S)
